# JRE version: Java(TM) SE Runtime Environment (7.0_80-b15) (build 1.7.0_80-b15)
# Java VM: Java HotSpot(TM) 64-Bit Server VM (24.80-b11 mixed mode bsd-amd64 compressed oops)
Heap
 PSYoungGen      total 139264K, used 95620K [0x00000007eaa80000, 0x00000007f6900000, 0x0000000800000000)
  eden space 97792K, 76% used [0x00000007eaa80000,0x00000007ef3671e8,0x00000007f0a00000)
  from space 41472K, 50% used [0x00000007f4080000,0x00000007f54fa208,0x00000007f6900000)
  to   space 48640K, 0% used [0x00000007f0a00000,0x00000007f0a00000,0x00000007f3980000)
 ParOldGen       total 292352K, used 153092K [0x00000007c0000000, 0x00000007d1d80000, 0x00000007eaa80000)
  object space 292352K, 52% used [0x00000007c0000000,0x00000007c95812f8,0x00000007d1d80000)
 PSPermGen       total 21504K, used 6029K [0x00000007bae00000, 0x00000007bc300000, 0x00000007c0000000)
  object space 21504K, 28% used [0x00000007bae00000,0x00000007bb3e36e8,0x00000007bc300000)
GC Heap History (10 events):
Event: 21.526 GC heap before
{Heap before GC invocations=10 (full 1):
 PSYoungGen      total 95232K, used 28145K [0x00000007eaa80000, 0x00000007f6b80000, 0x0000000800000000)
  eden space 67072K, 0% used [0x00000007eaa80000,0x00000007eaa80000,0x00000007eec00000)
  from space 28160K, 99% used [0x00000007eec00000,0x00000007f077c628,0x00000007f0780000)
  to   space 45056K, 0% used [0x00000007f3f80000,0x00000007f3f80000,0x00000007f6b80000)
 ParOldGen       total 87040K, used 76287K [0x00000007c0000000, 0x00000007c5500000, 0x00000007eaa80000)
  object space 87040K, 87% used [0x00000007c0000000,0x00000007c4a7fcc8,0x00000007c5500000)
 PSPermGen       total 21504K, used 6010K [0x00000007bae00000, 0x00000007bc300000, 0x00000007c0000000)
  object space 21504K, 27% used [0x00000007bae00000,0x00000007bb3de8c8,0x00000007bc300000)
Event: 23.658 GC heap after
Heap after GC invocations=10 (full 1):
 PSYoungGen      total 95232K, used 12194K [0x00000007eaa80000, 0x00000007f6b80000, 0x0000000800000000)
  eden space 67072K, 0% used [0x00000007eaa80000,0x00000007eaa80000,0x00000007eec00000)
  from space 28160K, 43% used [0x00000007eec00000,0x00000007ef7e8a80,0x00000007f0780000)
  to   space 45056K, 0% used [0x00000007f3f80000,0x00000007f3f80000,0x00000007f6b80000)
 ParOldGen       total 166912K, used 86563K [0x00000007c0000000, 0x00000007ca300000, 0x00000007eaa80000)
  object space 166912K, 51% used [0x00000007c0000000,0x00000007c5488d48,0x00000007ca300000)
 PSPermGen       total 21504K, used 6007K [0x00000007bae00000, 0x00000007bc300000, 0x00000007c0000000)
  object space 21504K, 27% used [0x00000007bae00000,0x00000007bb3ddfd8,0x00000007bc300000)
}
Event: 23.696 GC heap before
{Heap before GC invocations=11 (full 1):
 PSYoungGen      total 95232K, used 79266K [0x00000007eaa80000, 0x00000007f6b80000, 0x0000000800000000)
  eden space 67072K, 100% used [0x00000007eaa80000,0x00000007eec00000,0x00000007eec00000)
  from space 28160K, 43% used [0x00000007eec00000,0x00000007ef7e8a80,0x00000007f0780000)
  to   space 45056K, 0% used [0x00000007f3f80000,0x00000007f3f80000,0x00000007f6b80000)
 ParOldGen       total 166912K, used 86563K [0x00000007c0000000, 0x00000007ca300000, 0x00000007eaa80000)
  object space 166912K, 51% used [0x00000007c0000000,0x00000007c5488d48,0x00000007ca300000)
 PSPermGen       total 21504K, used 6007K [0x00000007bae00000, 0x00000007bc300000, 0x00000007c0000000)
  object space 21504K, 27% used [0x00000007bae00000,0x00000007bb3ddfd8,0x00000007bc300000)
Event: 23.804 GC heap after
Heap after GC invocations=11 (full 1):
 PSYoungGen      total 126976K, used 45048K [0x00000007eaa80000, 0x00000007f6b80000, 0x0000000800000000)
  eden space 81920K, 0% used [0x00000007eaa80000,0x00000007eaa80000,0x00000007efa80000)
  from space 45056K, 99% used [0x00000007f3f80000,0x00000007f6b7e338,0x00000007f6b80000)
  to   space 53248K, 0% used [0x00000007f0380000,0x00000007f0380000,0x00000007f3780000)
 ParOldGen       total 166912K, used 88411K [0x00000007c0000000, 0x00000007ca300000, 0x00000007eaa80000)
  object space 166912K, 52% used [0x00000007c0000000,0x00000007c5656d48,0x00000007ca300000)
 PSPermGen       total 21504K, used 6007K [0x00000007bae00000, 0x00000007bc300000, 0x00000007c0000000)
  object space 21504K, 27% used [0x00000007bae00000,0x00000007bb3ddfd8,0x00000007bc300000)
}
Event: 24.433 GC heap before
{Heap before GC invocations=12 (full 1):
 PSYoungGen      total 126976K, used 126968K [0x00000007eaa80000, 0x00000007f6b80000, 0x0000000800000000)
  eden space 81920K, 100% used [0x00000007eaa80000,0x00000007efa80000,0x00000007efa80000)
  from space 45056K, 99% used [0x00000007f3f80000,0x00000007f6b7e338,0x00000007f6b80000)
  to   space 53248K, 0% used [0x00000007f0380000,0x00000007f0380000,0x00000007f3780000)
 ParOldGen       total 166912K, used 88411K [0x00000007c0000000, 0x00000007ca300000, 0x00000007eaa80000)
  object space 166912K, 52% used [0x00000007c0000000,0x00000007c5656d48,0x00000007ca300000)
 PSPermGen       total 21504K, used 6018K [0x00000007bae00000, 0x00000007bc300000, 0x00000007c0000000)
  object space 21504K, 27% used [0x00000007bae00000,0x00000007bb3e0940,0x00000007bc300000)
Event: 24.489 GC heap after
Heap after GC invocations=12 (full 1):
 PSYoungGen      total 144384K, used 25825K [0x00000007eaa80000, 0x00000007f7300000, 0x0000000800000000)
  eden space 91136K, 0% used [0x00000007eaa80000,0x00000007eaa80000,0x00000007f0380000)
  from space 53248K, 48% used [0x00000007f0380000,0x00000007f1cb8478,0x00000007f3780000)
  to   space 51712K, 0% used [0x00000007f4080000,0x00000007f4080000,0x00000007f7300000)
 ParOldGen       total 166912K, used 133037K [0x00000007c0000000, 0x00000007ca300000, 0x00000007eaa80000)
  object space 166912K, 79% used [0x00000007c0000000,0x00000007c81eb550,0x00000007ca300000)
 PSPermGen       total 21504K, used 6018K [0x00000007bae00000, 0x00000007bc300000, 0x00000007c0000000)
  object space 21504K, 27% used [0x00000007bae00000,0x00000007bb3e0940,0x00000007bc300000)
}
Event: 24.489 GC heap before
{Heap before GC invocations=13 (full 2):
 PSYoungGen      total 144384K, used 25825K [0x00000007eaa80000, 0x00000007f7300000, 0x0000000800000000)
  eden space 91136K, 0% used [0x00000007eaa80000,0x00000007eaa80000,0x00000007f0380000)
  from space 53248K, 48% used [0x00000007f0380000,0x00000007f1cb8478,0x00000007f3780000)
  to   space 51712K, 0% used [0x00000007f4080000,0x00000007f4080000,0x00000007f7300000)
 ParOldGen       total 166912K, used 133037K [0x00000007c0000000, 0x00000007ca300000, 0x00000007eaa80000)
  object space 166912K, 79% used [0x00000007c0000000,0x00000007c81eb550,0x00000007ca300000)
 PSPermGen       total 21504K, used 6018K [0x00000007bae00000, 0x00000007bc300000, 0x00000007c0000000)
  object space 21504K, 27% used [0x00000007bae00000,0x00000007bb3e0940,0x00000007bc300000)
Event: 25.675 GC heap after
Heap after GC invocations=13 (full 2):
 PSYoungGen      total 144384K, used 0K [0x00000007eaa80000, 0x00000007f7300000, 0x0000000800000000)
  eden space 91136K, 0% used [0x00000007eaa80000,0x00000007eaa80000,0x00000007f0380000)
  from space 53248K, 0% used [0x00000007f0380000,0x00000007f0380000,0x00000007f3780000)
  to   space 51712K, 0% used [0x00000007f4080000,0x00000007f4080000,0x00000007f7300000)
 ParOldGen       total 292352K, used 153092K [0x00000007c0000000, 0x00000007d1d80000, 0x00000007eaa80000)
  object space 292352K, 52% used [0x00000007c0000000,0x00000007c95812f8,0x00000007d1d80000)
 PSPermGen       total 21504K, used 6018K [0x00000007bae00000, 0x00000007bc300000, 0x00000007c0000000)
  object space 21504K, 27% used [0x00000007bae00000,0x00000007bb3e0940,0x00000007bc300000)
}
Event: 29.333 GC heap before
{Heap before GC invocations=14 (full 2):
 PSYoungGen      total 144384K, used 91136K [0x00000007eaa80000, 0x00000007f7300000, 0x0000000800000000)
  eden space 91136K, 100% used [0x00000007eaa80000,0x00000007f0380000,0x00000007f0380000)
  from space 53248K, 0% used [0x00000007f0380000,0x00000007f0380000,0x00000007f3780000)
  to   space 51712K, 0% used [0x00000007f4080000,0x00000007f4080000,0x00000007f7300000)
 ParOldGen       total 292352K, used 153092K [0x00000007c0000000, 0x00000007d1d80000, 0x00000007eaa80000)
  object space 292352K, 52% used [0x00000007c0000000,0x00000007c95812f8,0x00000007d1d80000)
 PSPermGen       total 21504K, used 6020K [0x00000007bae00000, 0x00000007bc300000, 0x00000007c0000000)
  object space 21504K, 27% used [0x00000007bae00000,0x00000007bb3e1338,0x00000007bc300000)
Event: 29.357 GC heap after
Heap after GC invocations=14 (full 2):
 PSYoungGen      total 139264K, used 20968K [0x00000007eaa80000, 0x00000007f6900000, 0x0000000800000000)
  eden space 97792K, 0% used [0x00000007eaa80000,0x00000007eaa80000,0x00000007f0a00000)
  from space 41472K, 50% used [0x00000007f4080000,0x00000007f54fa208,0x00000007f6900000)
  to   space 48640K, 0% used [0x00000007f0a00000,0x00000007f0a00000,0x00000007f3980000)
 ParOldGen       total 292352K, used 153092K [0x00000007c0000000, 0x00000007d1d80000, 0x00000007eaa80000)
  object space 292352K, 52% used [0x00000007c0000000,0x00000007c95812f8,0x00000007d1d80000)
 PSPermGen       total 21504K, used 6020K [0x00000007bae00000, 0x00000007bc300000, 0x00000007c0000000)
  object space 21504K, 27% used [0x00000007bae00000,0x00000007bb3e1338,0x00000007bc300000)
}

